<?xml version="1.0" encoding="UTF-8" ?>
<testsuites>
  <testsuite errors="0" failures="0" hostname="DESKTOP-AJQA8Q9" id="0" name="StringQueueTest" package="at.fhj.swd.konfmana" skipped="0" tests="9" time="0.067" timestamp="2016-06-17T01:38:40">
      <properties>
[...]
</properties>

      <testcase classname="at.fhj.swd.konfmana.StringQueueTest" name="testElement" time="0.002" />

      <testcase classname="at.fhj.swd.konfmana.StringQueueTest" name="testNegativeMaxQueueSize" time="0.001" />

      <testcase classname="at.fhj.swd.konfmana.StringQueueTest" name="testOfferPoll" time="0.0" />

      <testcase classname="at.fhj.swd.konfmana.StringQueueTest" name="testOffer" time="0.0" />

      <testcase classname="at.fhj.swd.konfmana.StringQueueTest" name="testPeek" time="0.0" />

      <testcase classname="at.fhj.swd.konfmana.StringQueueTest" name="testPoll" time="0.0" />

      <testcase classname="at.fhj.swd.konfmana.StringQueueTest" name="testQueueTooSmall" time="0.001" />

      <testcase classname="at.fhj.swd.konfmana.StringQueueTest" name="testZeroMaxQueueSize" time="0.0" />

      <testcase classname="at.fhj.swd.konfmana.StringQueueTest" name="testRemove" time="0.0" />

      <system-out><![CDATA[]]></system-out>

      <system-err><![CDATA[]]></system-err>

  </testsuite>
</testsuites>
